[2026-06-14T20:24:07.289494] [DRY-RUN] Сообщение было бы отправлено | +77001234567 | Привет! Это тестовое сообщение.
[2026-06-14T20:24:07.290167] [DRY-RUN] Сообщение было бы отправлено | +77009876543 | Добрый день, напоминаем о встрече.
[2026-06-14T20:24:07.290772] [DRY-RUN] Сообщение было бы отправлено | +77006767667 | Hello!!!!!!!
[2026-06-14T20:24:07.291253] [DRY-RUN] Сообщение было бы отправлено | +77008888888 | eight message
[2026-06-14T20:24:07.291656] [DRY-RUN] Сообщение было бы отправлено | +77009873214 | random message
[2026-06-14T20:24:07.292062] [DRY-RUN] Сообщение было бы отправлено | +77006665544 | hi my name is arai
[2026-06-14T20:24:07.292630] [DRY-RUN] Сообщение было бы отправлено | +77003332211 | im learning eng
[2026-06-14T20:24:07.293038] [DRY-RUN] Сообщение было бы отправлено | +77007778899 | Здравствуйте, приходите сегодня к нам в гости
[2026-06-14T20:24:07.293436] [DRY-RUN] Сообщение было бы отправлено | +77004455566 | доброе утро коллеги
[2026-06-14T20:24:07.293945] [ERROR] Строка 10: Номер '+770711122334455' имеет неверную длину (16 символов, ожидается 12) | +770711122334455 | 
[2026-06-14T20:24:07.294419] [ERROR] Строка 11: Номер '+7707' имеет неверную длину (5 символов, ожидается 12) | +7707 | 
[2026-06-14T20:24:07.294966] [DRY-RUN] Сообщение было бы отправлено | +77770263757 | Сымбат завтра ЕНТ
[2026-06-14T20:24:07.295506] [DRY-RUN] Сообщение было бы отправлено | +77071234567 | номер через 8 со скобками
[2026-06-14T20:24:07.296086] [DRY-RUN] Сообщение было бы отправлено | +77071234567 | номер с пробелами
[2026-06-14T20:24:07.296881] [ERROR] Строка 15: Номер телефона отсутствует | nan | 
[2026-06-14T20:30:07.420800] [ERROR] Ошибка браузера: Message:  | +77770263757 | Сымбат завтра ЕНТ
[2026-06-14T20:36:27.587322] [SUCCESS] Сообщение отправлено | +77770263757 | Сымбат завтра ЕНТ
[2026-06-14T20:42:17.085435] [DRY-RUN] Сообщение было бы отправлено | +77001234567 | Привет! Это тестовое сообщение.
[2026-06-14T20:42:17.086141] [DRY-RUN] Сообщение было бы отправлено | +77009876543 | Добрый день, напоминаем о встрече.
[2026-06-14T20:42:17.086780] [DRY-RUN] Сообщение было бы отправлено | +77006767667 | Hello!!!!!!!
[2026-06-14T20:42:17.087272] [DRY-RUN] Сообщение было бы отправлено | +77008888888 | eight message
[2026-06-14T20:42:17.087688] [DRY-RUN] Сообщение было бы отправлено | +77009873214 | random message
[2026-06-14T20:42:17.088083] [DRY-RUN] Сообщение было бы отправлено | +77006665544 | hi my name is arai
[2026-06-14T20:42:17.088473] [DRY-RUN] Сообщение было бы отправлено | +77003332211 | im learning eng
[2026-06-14T20:42:17.088902] [DRY-RUN] Сообщение было бы отправлено | +77007778899 | Здравствуйте, приходите сегодня к нам в гости
[2026-06-14T20:42:17.089315] [DRY-RUN] Сообщение было бы отправлено | +77004455566 | доброе утро коллеги
[2026-06-14T20:42:17.089776] [ERROR] Строка 10: Номер '+770711122334455' имеет неверную длину (16 символов, ожидается 12) | +770711122334455 | 
[2026-06-14T20:42:17.090274] [ERROR] Строка 11: Номер '+7707' имеет неверную длину (5 символов, ожидается 12) | +7707 | 
[2026-06-14T20:42:17.091118] [DRY-RUN] Сообщение было бы отправлено | +77770263757 | Сымбат завтра ЕНТ
[2026-06-14T20:42:17.091680] [DRY-RUN] Сообщение было бы отправлено | +77071234567 | номер через 8 со скобками
[2026-06-14T20:42:17.092187] [DRY-RUN] Сообщение было бы отправлено | +77071234567 | номер с пробелами
[2026-06-14T20:42:17.092776] [ERROR] Строка 15: Номер телефона отсутствует | nan | 
[2026-06-14T20:42:17.093275] [ERROR] Строка 16: Номер 'abcdef' содержит недопустимые символы | abcdef | 
[2026-06-14T20:43:19.227881] [SUCCESS] Сообщение отправлено | +77770263757 | Сымбат завтра ЕНТ
